0 info it worked if it ends with ok
1 verbose cli [ '/home/andrew/.nvm/versions/node/v4.3.1/bin/node',
1 verbose cli   '/home/andrew/.nvm/versions/node/v4.3.1/bin/npm',
1 verbose cli   'start' ]
2 info using npm@2.14.12
3 info using node@v4.3.1
4 verbose stack Error: Invalid name: "trello desktop"
4 verbose stack     at ensureValidName (/home/andrew/.nvm/versions/node/v4.3.1/lib/node_modules/npm/node_modules/normalize-package-data/lib/fixer.js:336:15)
4 verbose stack     at Object.module.exports.fixNameField (/home/andrew/.nvm/versions/node/v4.3.1/lib/node_modules/npm/node_modules/normalize-package-data/lib/fixer.js:215:5)
4 verbose stack     at /home/andrew/.nvm/versions/node/v4.3.1/lib/node_modules/npm/node_modules/normalize-package-data/lib/normalize.js:32:38
4 verbose stack     at Array.forEach (native)
4 verbose stack     at normalize (/home/andrew/.nvm/versions/node/v4.3.1/lib/node_modules/npm/node_modules/normalize-package-data/lib/normalize.js:31:15)
4 verbose stack     at final (/home/andrew/.nvm/versions/node/v4.3.1/lib/node_modules/npm/node_modules/read-package-json/read-json.js:338:5)
4 verbose stack     at then (/home/andrew/.nvm/versions/node/v4.3.1/lib/node_modules/npm/node_modules/read-package-json/read-json.js:113:5)
4 verbose stack     at /home/andrew/.nvm/versions/node/v4.3.1/lib/node_modules/npm/node_modules/read-package-json/read-json.js:300:12
4 verbose stack     at /home/andrew/.nvm/versions/node/v4.3.1/lib/node_modules/npm/node_modules/graceful-fs/graceful-fs.js:76:16
4 verbose stack     at FSReqWrap.readFileAfterClose [as oncomplete] (fs.js:380:3)
5 verbose cwd /home/andrew/Sandbox/trello-desktop
6 error Linux 4.2.0-27-generic
7 error argv "/home/andrew/.nvm/versions/node/v4.3.1/bin/node" "/home/andrew/.nvm/versions/node/v4.3.1/bin/npm" "start"
8 error node v4.3.1
9 error npm  v2.14.12
10 error Invalid name: "trello desktop"
11 error If you need help, you may report this error at:
11 error     <https://github.com/npm/npm/issues>
12 verbose exit [ 1, true ]
